
Showing logs for build [32mcb-kubecd-environment-pr-213-22-grl4f-1[0m stage [32mfrom-build-pack[0m and container [32mstep-credential-initializer-f9z6x[0m
{"level":"info","ts":1588520382.5934613,"logger":"fallback-logger","caller":"logging/config.go:69","msg":"Fetch GitHub commit ID from kodata failed: open /var/run/ko/refs/heads/0.8.0-ns-support: no such file or directory"}
{"level":"info","ts":1588520382.5942054,"logger":"fallback-logger","caller":"creds-init/main.go:40","msg":"Credentials initialized."}

Showing logs for build [32mcb-kubecd-environment-pr-213-22-grl4f-1[0m stage [32mfrom-build-pack[0m and container [32mstep-working-dir-initializer-wjpxk[0m
{"level":"info","ts":1588520384.0564246,"logger":"fallback-logger","caller":"logging/config.go:69","msg":"Fetch GitHub commit ID from kodata failed: open /var/run/ko/HEAD: no such file or directory"}
{"level":"info","ts":1588520384.0596395,"logger":"fallback-logger","caller":"bash/main.go:64","msg":"Successfully executed command \"sh -c mkdir -p /workspace/source\"; output "}

Showing logs for build [32mcb-kubecd-environment-pr-213-22-grl4f-1[0m stage [32mfrom-build-pack[0m and container [32mstep-place-tools[0m

Showing logs for build [32mcb-kubecd-environment-pr-213-22-grl4f-1[0m stage [32mfrom-build-pack[0m and container [32mstep-git-source-cb-kubecd-environment-pr-213-22-grl4f-qcl54[0m
{"level":"info","ts":1588520389.2356093,"logger":"fallback-logger","caller":"logging/config.go:69","msg":"Fetch GitHub commit ID from kodata failed: open /var/run/ko/refs/heads/0.8.0-ns-support: no such file or directory"}
{"level":"info","ts":1588520390.4114993,"logger":"fallback-logger","caller":"git/git.go:103","msg":"Successfully cloned https://github.com/cb-kubecd/environment-pr-213-22-boot-vault-gke-staging.git @ master in path /workspace/source"}

Showing logs for build [32mcb-kubecd-environment-pr-213-22-grl4f-1[0m stage [32mfrom-build-pack[0m and container [32mstep-git-merge[0m
Using SHAs from PULL_REFS=master:d2e817c8e3e14627bd81d0ddfd07d0b526ed9820,4:061d9e72ee84f8b710cb8406a8f57454ec2c5372
DEBUG: LC_ALL=C JX_LOG_LEVEL=error git fetch origin --unshallow 061d9e72ee84f8b710cb8406a8f57454ec2c5372: d2e817c8e3e14627bd81d0ddfd07d0b526ed9820:
DEBUG: ran git fetch --unshallow origin 061d9e72ee84f8b710cb8406a8f57454ec2c5372: d2e817c8e3e14627bd81d0ddfd07d0b526ed9820: in 
DEBUG: LC_ALL=C JX_LOG_LEVEL=error git branch
DEBUG: JX_LOG_LEVEL=error LC_ALL=C git checkout master
DEBUG: ran git checkout master in 
DEBUG: LC_ALL=C JX_LOG_LEVEL=error git reset --hard d2e817c8e3e14627bd81d0ddfd07d0b526ed9820
DEBUG: ran git reset --hard d2e817c8e3e14627bd81d0ddfd07d0b526ed9820 in 
DEBUG: LC_ALL=C JX_LOG_LEVEL=error git clean -fd .
DEBUG: ran clean --force -d . in 
DEBUG: LC_ALL=C JX_LOG_LEVEL=error git merge 061d9e72ee84f8b710cb8406a8f57454ec2c5372
DEBUG: ran git merge 061d9e72ee84f8b710cb8406a8f57454ec2c5372 in 
DEBUG: JX_LOG_LEVEL=error LC_ALL=C git log --format=%H%x1f%an%x1f%ae%x1f%cn%x1f%ce%x1f%s%n%b%x1e d2e817c8e3e14627bd81d0ddfd07d0b526ed9820..HEAD
Merged SHA 061d9e72ee84f8b710cb8406a8f57454ec2c5372 with commit message 'chore: Promote bdd-gh-1588517815 to version 0.0.1' into base branch master

Showing logs for build [32mcb-kubecd-environment-pr-213-22-grl4f-1[0m stage [32mfrom-build-pack[0m and container [32mstep-build-helm-build[0m
WARNING: No $CHART_REPOSITORY defined so using the default value of: http://jenkins-x-chartmuseum:8080
Adding missing Helm repo: storage.googleapis.com https://storage.googleapis.com/chartmuseum.jenkins-x.io
WARNING: No secrets found on "helm/repos" due: reading the secret "helm/repos" from vault: no secret "helm/repos" not found in vault
Read credentials for https://storage.googleapis.com/chartmuseum.jenkins-x.io from vault helm/repos
Successfully added Helm repository storage.googleapis.com.
Adding missing Helm repo: jenkins-x-chartmuseum http://jenkins-x-chartmuseum:8080
WARNING: No secrets found on "helm/repos" due: reading the secret "helm/repos" from vault: no secret "helm/repos" not found in vault
Read credentials for http://jenkins-x-chartmuseum:8080 from vault helm/repos
Successfully added Helm repository jenkins-x-chartmuseum.
WARNING: No $CHART_REPOSITORY defined so using the default value of: http://jenkins-x-chartmuseum:8080
Adding missing Helm repo: chartmuseum.jenkins-x.io http://chartmuseum.jenkins-x.io
WARNING: No secrets found on "helm/repos" due: reading the secret "helm/repos" from vault: no secret "helm/repos" not found in vault
Read credentials for http://chartmuseum.jenkins-x.io from vault helm/repos
Successfully added Helm repository chartmuseum.jenkins-x.io.
