
Showing logs for build [32mcb-kubecd-environment-pr-213-22-rfp6t-1[0m stage [32mfrom-build-pack[0m and container [32mstep-credential-initializer-b6wsv[0m
{"level":"info","ts":1588518209.564813,"logger":"fallback-logger","caller":"logging/config.go:69","msg":"Fetch GitHub commit ID from kodata failed: open /var/run/ko/refs/heads/0.8.0-ns-support: no such file or directory"}
{"level":"info","ts":1588518209.5834212,"logger":"fallback-logger","caller":"creds-init/main.go:40","msg":"Credentials initialized."}

Showing logs for build [32mcb-kubecd-environment-pr-213-22-rfp6t-1[0m stage [32mfrom-build-pack[0m and container [32mstep-working-dir-initializer-69z5z[0m
{"level":"info","ts":1588518211.1843843,"logger":"fallback-logger","caller":"logging/config.go:69","msg":"Fetch GitHub commit ID from kodata failed: open /var/run/ko/HEAD: no such file or directory"}
{"level":"info","ts":1588518211.1892583,"logger":"fallback-logger","caller":"bash/main.go:64","msg":"Successfully executed command \"sh -c mkdir -p /workspace/source\"; output "}

Showing logs for build [32mcb-kubecd-environment-pr-213-22-rfp6t-1[0m stage [32mfrom-build-pack[0m and container [32mstep-place-tools[0m

Showing logs for build [32mcb-kubecd-environment-pr-213-22-rfp6t-1[0m stage [32mfrom-build-pack[0m and container [32mstep-git-source-cb-kubecd-environment-pr-213-22-rfp6t-f5bhb[0m
{"level":"info","ts":1588518216.2697234,"logger":"fallback-logger","caller":"logging/config.go:69","msg":"Fetch GitHub commit ID from kodata failed: open /var/run/ko/refs/heads/0.8.0-ns-support: no such file or directory"}
{"level":"info","ts":1588518217.4102757,"logger":"fallback-logger","caller":"git/git.go:103","msg":"Successfully cloned https://github.com/cb-kubecd/environment-pr-213-22-boot-vault-gke-staging.git @ master in path /workspace/source"}

Showing logs for build [32mcb-kubecd-environment-pr-213-22-rfp6t-1[0m stage [32mfrom-build-pack[0m and container [32mstep-git-merge[0m
Using SHAs from PULL_REFS=master:3ba65c4daef0728460aa4a4ae56d095fdfdee0e4,2:000dd6531ee834c3e602c1dc84b4507c1623b7ae
DEBUG: LC_ALL=C JX_LOG_LEVEL=error git fetch origin --unshallow 000dd6531ee834c3e602c1dc84b4507c1623b7ae: 3ba65c4daef0728460aa4a4ae56d095fdfdee0e4:
DEBUG: ran git fetch --unshallow origin 000dd6531ee834c3e602c1dc84b4507c1623b7ae: 3ba65c4daef0728460aa4a4ae56d095fdfdee0e4: in 
DEBUG: LC_ALL=C JX_LOG_LEVEL=error git branch
DEBUG: LC_ALL=C JX_LOG_LEVEL=error git checkout master
DEBUG: ran git checkout master in 
DEBUG: JX_LOG_LEVEL=error LC_ALL=C git reset --hard 3ba65c4daef0728460aa4a4ae56d095fdfdee0e4
DEBUG: ran git reset --hard 3ba65c4daef0728460aa4a4ae56d095fdfdee0e4 in 
DEBUG: LC_ALL=C JX_LOG_LEVEL=error git clean -fd .
DEBUG: ran clean --force -d . in 
DEBUG: LC_ALL=C JX_LOG_LEVEL=error git merge 000dd6531ee834c3e602c1dc84b4507c1623b7ae
DEBUG: ran git merge 000dd6531ee834c3e602c1dc84b4507c1623b7ae in 
DEBUG: LC_ALL=C JX_LOG_LEVEL=error git log --format=%H%x1f%an%x1f%ae%x1f%cn%x1f%ce%x1f%s%n%b%x1e 3ba65c4daef0728460aa4a4ae56d095fdfdee0e4..HEAD
Merged SHA 000dd6531ee834c3e602c1dc84b4507c1623b7ae with commit message 'chore: Promote bdd-sbhg-1588517815 to version 0.0.1' into base branch master

Showing logs for build [32mcb-kubecd-environment-pr-213-22-rfp6t-1[0m stage [32mfrom-build-pack[0m and container [32mstep-build-helm-build[0m
WARNING: No $CHART_REPOSITORY defined so using the default value of: http://jenkins-x-chartmuseum:8080
Adding missing Helm repo: storage.googleapis.com https://storage.googleapis.com/chartmuseum.jenkins-x.io
WARNING: No secrets found on "helm/repos" due: reading the secret "helm/repos" from vault: no secret "helm/repos" not found in vault
Read credentials for https://storage.googleapis.com/chartmuseum.jenkins-x.io from vault helm/repos
Successfully added Helm repository storage.googleapis.com.
Adding missing Helm repo: jenkins-x-chartmuseum http://jenkins-x-chartmuseum:8080
WARNING: No secrets found on "helm/repos" due: reading the secret "helm/repos" from vault: no secret "helm/repos" not found in vault
Read credentials for http://jenkins-x-chartmuseum:8080 from vault helm/repos
Successfully added Helm repository jenkins-x-chartmuseum.
WARNING: No $CHART_REPOSITORY defined so using the default value of: http://jenkins-x-chartmuseum:8080
Adding missing Helm repo: chartmuseum.jenkins-x.io http://chartmuseum.jenkins-x.io
WARNING: No secrets found on "helm/repos" due: reading the secret "helm/repos" from vault: no secret "helm/repos" not found in vault
Read credentials for http://chartmuseum.jenkins-x.io from vault helm/repos
Successfully added Helm repository chartmuseum.jenkins-x.io.
